cmake -D CMAKE_BUILD_TYPE=RELEASE \
      -D CMAKE_INSTALL_PREFIX=/usr/local \
      -D PYTHON_DEFAULT_EXECUTABLE=/usr/bin/python3 \
      -D CUDA_nppi_LIBRARY=true \
      -D INSTALL_C_EXAMPLES=ON \
      -D INSTALL_PYTHON_EXAMPLES=ON \
      -D WITH_TBB=ON \
      -D WITH_V4L=ON \
      -D WITH_QT=ON \
      -D WITH_OPENGL=ON \
      -D WITH_CUDA=ON \
      -D OPENCV_EXTRA_MODULES_PATH=../../opencv_contrib/modules \
      -D BUILD_EXAMPLES=ON ..


ERROR
"""
precomp.hpp:60:18: fatal error: dynlink_nvcuvid.h: No such file or directory
opencv/modules/cudacodec/src/precomp.hpp:60:18: fatal error: dynlink_nvcuvid.h: No such file or directory
"""
cmake -D CMAKE_BUILD_TYPE=RELEASE \
      -D CMAKE_INSTALL_PREFIX=/usr/local \
      -D INSTALL_C_EXAMPLES=OFF \
      -D INSTALL_PYTHON_EXAMPLES=OFF \
      -D PYTHON_DEFAULT_EXECUTABLE=/usr/bin/python3 \
      -D WITH_TBB=ON \
      -D WITH_V4L=ON \
      -D WITH_QT=ON \
      -D WITH_OPENGL=ON \
      -D WITH_GSTREAMER=ON \
      -D WITH_CUDA=ON \
      -D WITH_NVCUVID=ON \
      -D ENABLE_FAST_MATH=1 \
      -D CUDA_FAST_MATH=1 \
      -D WITH_CUBLAS=ON \
      -D CUDA_NVCC_FLAGS="-D_FORCE_INLINES" \
      -D BUILD_opencv_cudacodec=OFF \
      -D OPENCV_EXTRA_MODULES_PATH=../../opencv_contrib/modules \
      -D BUILD_EXAMPLES=OFF ..
